d:\weixing\moblie\frameworks\runtime-src\proj.win32\debug.win32\downasset.obj
d:\weixing\moblie\frameworks\runtime-src\proj.win32\debug.win32\luaassert.obj
d:\weixing\moblie\frameworks\runtime-src\proj.win32\debug.win32\cipher.obj
d:\weixing\moblie\frameworks\runtime-src\proj.win32\debug.win32\mckernel.obj
d:\weixing\moblie\frameworks\runtime-src\proj.win32\debug.win32\qrnode.obj
d:\weixing\moblie\frameworks\runtime-src\proj.win32\debug.win32\cmd_data.obj
d:\weixing\moblie\frameworks\runtime-src\proj.win32\debug.win32\tcpsocket.obj
d:\weixing\moblie\frameworks\runtime-src\proj.win32\debug.win32\main.obj
d:\weixing\moblie\frameworks\runtime-src\proj.win32\debug.win32\circleby.obj
d:\weixing\moblie\frameworks\runtime-src\proj.win32\debug.win32\simulatorwin.obj
d:\weixing\moblie\frameworks\runtime-src\proj.win32\debug.win32\aesencrypt.obj
d:\weixing\moblie\frameworks\runtime-src\proj.win32\debug.win32\logasset.obj
d:\weixing\moblie\frameworks\runtime-src\proj.win32\debug.win32\curlasset.obj
d:\weixing\moblie\frameworks\runtime-src\proj.win32\debug.win32\stdafx.obj
d:\weixing\moblie\frameworks\runtime-src\proj.win32\debug.win32\clientsocket.obj
d:\weixing\moblie\frameworks\runtime-src\proj.win32\debug.win32\ry_md5.obj
d:\weixing\moblie\frameworks\runtime-src\proj.win32\debug.win32\clientkernel.obj
d:\weixing\moblie\frameworks\runtime-src\proj.win32\debug.win32\qr_encode.obj
d:\weixing\moblie\frameworks\runtime-src\proj.win32\debug.win32\unzipasset.obj
d:\weixing\moblie\frameworks\runtime-src\proj.win32\debug.win32\appdelegate.obj
d:\weixing\moblie\frameworks\runtime-src\proj.win32\debug.win32\radiobox.obj
d:\weixing\moblie\frameworks\runtime-src\proj.win32\debug.win32\imagetobyte.obj
d:\weixing\moblie\frameworks\runtime-src\proj.win32\debug.win32\mobileclientkernel.obj
d:\weixing\moblie\frameworks\runtime-src\proj.win32\debug.win32\socketservice.obj
d:\weixing\moblie\frameworks\runtime-src\proj.win32\debug.win32\lua_user_auto.obj
d:\weixing\moblie\frameworks\runtime-src\proj.win32\debug.win32\audiorecorder.obj
d:\weixing\moblie\frameworks\runtime-src\proj.win32\debug.win32\vc120.pdb
d:\weixing\moblie\frameworks\runtime-src\proj.win32\debug.win32\lua_extensions.obj
d:\weixing\moblie\frameworks\runtime-src\proj.win32\debug.win32\strbuf.obj
d:\weixing\moblie\frameworks\runtime-src\proj.win32\debug.win32\lua_cjson.obj
d:\weixing\moblie\frameworks\runtime-src\proj.win32\debug.win32\fpconv.obj
d:\weixing\moblie\simulator\win32\mmyx.ilk
d:\weixing\moblie\simulator\win32\mmyx.exe
d:\weixing\moblie\simulator\win32\mmyx.pdb
d:\weixing\moblie\frameworks\runtime-src\proj.win32\debug.win32\mmyx.lib
d:\weixing\moblie\frameworks\runtime-src\proj.win32\debug.win32\mmyx.exp
d:\weixing\moblie\frameworks\runtime-src\proj.win32\mmyx.cab
d:\weixing\moblie\frameworks\runtime-src\proj.win32\debug.win32\game.res
d:\niudaka\moblie\frameworks\runtime-src\proj.win32\debug.win32\mmyx.vcxprojresolveassemblyreference.cache
d:\niudaka\moblie\frameworks\runtime-src\proj.win32\debug.win32\mmyx.exp
d:\niudaka\moblie\frameworks\runtime-src\proj.win32\debug.win32\mmyx.tlog\cl.command.1.tlog
d:\niudaka\moblie\frameworks\runtime-src\proj.win32\debug.win32\mmyx.tlog\cl.read.1.tlog
d:\niudaka\moblie\frameworks\runtime-src\proj.win32\debug.win32\mmyx.tlog\cl.write.1.tlog
d:\niudaka\moblie\frameworks\runtime-src\proj.win32\debug.win32\mmyx.tlog\link.command.1.tlog
d:\niudaka\moblie\frameworks\runtime-src\proj.win32\debug.win32\mmyx.tlog\link.read.1.tlog
d:\niudaka\moblie\frameworks\runtime-src\proj.win32\debug.win32\mmyx.tlog\link.write.1.tlog
d:\niudaka\moblie\frameworks\runtime-src\proj.win32\debug.win32\mmyx.tlog\mmyx.write.1u.tlog
d:\niudaka\moblie\frameworks\runtime-src\proj.win32\debug.win32\mmyx.tlog\rc.command.1.tlog
d:\niudaka\moblie\frameworks\runtime-src\proj.win32\debug.win32\mmyx.tlog\rc.read.1.tlog
d:\niudaka\moblie\frameworks\runtime-src\proj.win32\debug.win32\mmyx.tlog\rc.write.1.tlog
