d:\git\cocosgame\frameworks\cocos2d-x\cocos\scripting\lua-bindings\proj.win32\debug.win32\libluacocos2d\buffer.obj
d:\git\cocosgame\frameworks\cocos2d-x\cocos\scripting\lua-bindings\proj.win32\debug.win32\libluacocos2d\timeout.obj
d:\git\cocosgame\frameworks\cocos2d-x\cocos\scripting\lua-bindings\proj.win32\debug.win32\libluacocos2d\tolua_event.obj
d:\git\cocosgame\frameworks\cocos2d-x\cocos\scripting\lua-bindings\proj.win32\debug.win32\libluacocos2d\tolua_is.obj
d:\git\cocosgame\frameworks\cocos2d-x\cocos\scripting\lua-bindings\proj.win32\debug.win32\libluacocos2d\inet.obj
d:\git\cocosgame\frameworks\cocos2d-x\cocos\scripting\lua-bindings\proj.win32\debug.win32\libluacocos2d\except.obj
d:\git\cocosgame\frameworks\cocos2d-x\cocos\scripting\lua-bindings\proj.win32\debug.win32\libluacocos2d\options.obj
d:\git\cocosgame\frameworks\cocos2d-x\cocos\scripting\lua-bindings\proj.win32\debug.win32\libluacocos2d\tolua_to.obj
d:\git\cocosgame\frameworks\cocos2d-x\cocos\scripting\lua-bindings\proj.win32\debug.win32\libluacocos2d\luasocket_scripts.obj
d:\git\cocosgame\frameworks\cocos2d-x\cocos\scripting\lua-bindings\proj.win32\debug.win32\libluacocos2d\select.obj
d:\git\cocosgame\frameworks\cocos2d-x\cocos\scripting\lua-bindings\proj.win32\debug.win32\libluacocos2d\lua_extensions.obj
d:\git\cocosgame\frameworks\cocos2d-x\cocos\scripting\lua-bindings\proj.win32\debug.win32\libluacocos2d\io.obj
d:\git\cocosgame\frameworks\cocos2d-x\cocos\scripting\lua-bindings\proj.win32\debug.win32\libluacocos2d\mime.obj
d:\git\cocosgame\frameworks\cocos2d-x\cocos\scripting\lua-bindings\proj.win32\debug.win32\libluacocos2d\wsocket.obj
d:\git\cocosgame\frameworks\cocos2d-x\cocos\scripting\lua-bindings\proj.win32\debug.win32\libluacocos2d\lpack.obj
d:\git\cocosgame\frameworks\cocos2d-x\cocos\scripting\lua-bindings\proj.win32\debug.win32\libluacocos2d\udp.obj
d:\git\cocosgame\frameworks\cocos2d-x\cocos\scripting\lua-bindings\proj.win32\debug.win32\libluacocos2d\tolua_map.obj
d:\git\cocosgame\frameworks\cocos2d-x\cocos\scripting\lua-bindings\proj.win32\debug.win32\libluacocos2d\luasocket.obj
d:\git\cocosgame\frameworks\cocos2d-x\cocos\scripting\lua-bindings\proj.win32\debug.win32\libluacocos2d\auxiliar.obj
d:\git\cocosgame\frameworks\cocos2d-x\cocos\scripting\lua-bindings\proj.win32\debug.win32\libluacocos2d\tcp.obj
d:\git\cocosgame\frameworks\cocos2d-x\cocos\scripting\lua-bindings\proj.win32\debug.win32\libluacocos2d\tolua_push.obj
d:\git\cocosgame\frameworks\cocos2d-x\cocos\scripting\lua-bindings\proj.win32\debug.win32\libluacocos2d\xxtea.obj
d:\git\cocosgame\frameworks\cocos2d-x\cocos\scripting\lua-bindings\proj.win32\debug.win32\libluacocos2d\lua_cocos2dx_experimental_video_auto.obj
d:\git\cocosgame\frameworks\cocos2d-x\cocos\scripting\lua-bindings\proj.win32\debug.win32\libluacocos2d\lua_cocos2dx_experimental_webview_auto.obj
d:\git\cocosgame\frameworks\cocos2d-x\cocos\scripting\lua-bindings\proj.win32\debug.win32\libluacocos2d\lua_cocos2dx_extension_auto.obj
d:\git\cocosgame\frameworks\cocos2d-x\cocos\scripting\lua-bindings\proj.win32\debug.win32\libluacocos2d\lua_cocos2dx_ui_auto.obj
d:\git\cocosgame\frameworks\cocos2d-x\cocos\scripting\lua-bindings\proj.win32\debug.win32\libluacocos2d\luascripthandlermgr.obj
d:\git\cocosgame\frameworks\cocos2d-x\cocos\scripting\lua-bindings\proj.win32\debug.win32\libluacocos2d\lua_cocos2dx_manual.obj
d:\git\cocosgame\frameworks\cocos2d-x\cocos\scripting\lua-bindings\proj.win32\debug.win32\libluacocos2d\lua_cocos2dx_navmesh_conversions.obj
d:\git\cocosgame\frameworks\cocos2d-x\cocos\scripting\lua-bindings\proj.win32\debug.win32\libluacocos2d\tolua_fix.obj
d:\git\cocosgame\frameworks\cocos2d-x\cocos\scripting\lua-bindings\proj.win32\debug.win32\libluacocos2d\lua_cocos2dx_csloader_auto.obj
d:\git\cocosgame\frameworks\cocos2d-x\cocos\scripting\lua-bindings\proj.win32\debug.win32\libluacocos2d\lua_cocos2dx_physics3d_auto.obj
d:\git\cocosgame\frameworks\cocos2d-x\cocos\scripting\lua-bindings\proj.win32\debug.win32\libluacocos2d\ccluabridge.obj
d:\git\cocosgame\frameworks\cocos2d-x\cocos\scripting\lua-bindings\proj.win32\debug.win32\libluacocos2d\ccluastack.obj
d:\git\cocosgame\frameworks\cocos2d-x\cocos\scripting\lua-bindings\proj.win32\debug.win32\libluacocos2d\lua_cocos2dx_cocosbuilder_manual.obj
d:\git\cocosgame\frameworks\cocos2d-x\cocos\scripting\lua-bindings\proj.win32\debug.win32\libluacocos2d\lua_web_socket.obj
d:\git\cocosgame\frameworks\cocos2d-x\cocos\scripting\lua-bindings\proj.win32\debug.win32\libluacocos2d\lua_cocos2dx_cocosbuilder_auto.obj
d:\git\cocosgame\frameworks\cocos2d-x\cocos\scripting\lua-bindings\proj.win32\debug.win32\libluacocos2d\lua_cocos2dx_physics_auto.obj
d:\git\cocosgame\frameworks\cocos2d-x\cocos\scripting\lua-bindings\proj.win32\debug.win32\libluacocos2d\cccomponentlua.obj
d:\git\cocosgame\frameworks\cocos2d-x\cocos\scripting\lua-bindings\proj.win32\debug.win32\libluacocos2d\customguireader.obj
d:\git\cocosgame\frameworks\cocos2d-x\cocos\scripting\lua-bindings\proj.win32\debug.win32\libluacocos2d\lua_module_register.obj
d:\git\cocosgame\frameworks\cocos2d-x\cocos\scripting\lua-bindings\proj.win32\debug.win32\libluacocos2d\lua_cocos2dx_network_manual.obj
d:\git\cocosgame\frameworks\cocos2d-x\cocos\scripting\lua-bindings\proj.win32\debug.win32\libluacocos2d\luaskeletonanimation.obj
d:\git\cocosgame\frameworks\cocos2d-x\cocos\scripting\lua-bindings\proj.win32\debug.win32\libluacocos2d\lua_cocos2dx_experimental_auto.obj
d:\git\cocosgame\frameworks\cocos2d-x\cocos\scripting\lua-bindings\proj.win32\debug.win32\libluacocos2d\lua_cocos2dx_spine_auto.obj
d:\git\cocosgame\frameworks\cocos2d-x\cocos\scripting\lua-bindings\proj.win32\debug.win32\libluacocos2d\luaopengl.obj
d:\git\cocosgame\frameworks\cocos2d-x\cocos\scripting\lua-bindings\proj.win32\debug.win32\libluacocos2d\lua_cocos2dx_physics_manual.obj
d:\git\cocosgame\frameworks\cocos2d-x\cocos\scripting\lua-bindings\proj.win32\debug.win32\libluacocos2d\lua_cocos2dx_csloader_manual.obj
d:\git\cocosgame\frameworks\cocos2d-x\cocos\scripting\lua-bindings\proj.win32\debug.win32\libluacocos2d\lua_xml_http_request.obj
d:\git\cocosgame\frameworks\cocos2d-x\cocos\scripting\lua-bindings\proj.win32\debug.win32\libluacocos2d\lua_cocos2dx_experimental_video_manual.obj
d:\git\cocosgame\frameworks\cocos2d-x\cocos\scripting\lua-bindings\proj.win32\debug.win32\libluacocos2d\lua_cocos2dx_experimental_webview_manual.obj
d:\git\cocosgame\frameworks\cocos2d-x\cocos\scripting\lua-bindings\proj.win32\debug.win32\libluacocos2d\lua_cocos2dx_ui_manual.obj
d:\git\cocosgame\frameworks\cocos2d-x\cocos\scripting\lua-bindings\proj.win32\debug.win32\libluacocos2d\lua_cocos2dx_3d_auto.obj
d:\git\cocosgame\frameworks\cocos2d-x\cocos\scripting\lua-bindings\proj.win32\debug.win32\libluacocos2d\lua_cocos2dx_audioengine_manual.obj
d:\git\cocosgame\frameworks\cocos2d-x\cocos\scripting\lua-bindings\proj.win32\debug.win32\libluacocos2d\cocos2dxlualoader.obj
d:\git\cocosgame\frameworks\cocos2d-x\cocos\scripting\lua-bindings\proj.win32\debug.win32\libluacocos2d\ccbproxy.obj
d:\git\cocosgame\frameworks\cocos2d-x\cocos\scripting\lua-bindings\proj.win32\debug.win32\libluacocos2d\luabasicconversions.obj
d:\git\cocosgame\frameworks\cocos2d-x\cocos\scripting\lua-bindings\proj.win32\debug.win32\libluacocos2d\lua_cocos2dx_spine_manual.obj
d:\git\cocosgame\frameworks\cocos2d-x\cocos\scripting\lua-bindings\proj.win32\debug.win32\libluacocos2d\lua_cocos2dx_audioengine_auto.obj
d:\git\cocosgame\frameworks\cocos2d-x\cocos\scripting\lua-bindings\proj.win32\debug.win32\libluacocos2d\lua_cocos2dx_studio_auto.obj
d:\git\cocosgame\frameworks\cocos2d-x\cocos\scripting\lua-bindings\proj.win32\debug.win32\libluacocos2d\ccluaengine.obj
d:\git\cocosgame\frameworks\cocos2d-x\cocos\scripting\lua-bindings\proj.win32\debug.win32\libluacocos2d\lua_cocos2dx_deprecated.obj
d:\git\cocosgame\frameworks\cocos2d-x\cocos\scripting\lua-bindings\proj.win32\debug.win32\libluacocos2d\lua_cocos2dx_extension_manual.obj
d:\git\cocosgame\frameworks\cocos2d-x\cocos\scripting\lua-bindings\proj.win32\debug.win32\libluacocos2d\lua_cocos2dx_cocosdenshion_auto.obj
d:\git\cocosgame\frameworks\cocos2d-x\cocos\scripting\lua-bindings\proj.win32\debug.win32\libluacocos2d\lua_cocos2dx_navmesh_auto.obj
d:\git\cocosgame\frameworks\cocos2d-x\cocos\scripting\lua-bindings\proj.win32\debug.win32\libluacocos2d\lua_cocos2dx_3d_manual.obj
d:\git\cocosgame\frameworks\cocos2d-x\cocos\scripting\lua-bindings\proj.win32\debug.win32\libluacocos2d\ccluavalue.obj
d:\git\cocosgame\frameworks\cocos2d-x\cocos\scripting\lua-bindings\proj.win32\debug.win32\libluacocos2d\lua_cocos2dx_experimental_manual.obj
d:\git\cocosgame\frameworks\cocos2d-x\cocos\scripting\lua-bindings\proj.win32\debug.win32\libluacocos2d\lua_cocos2dx_cocosdenshion_manual.obj
d:\git\cocosgame\frameworks\cocos2d-x\cocos\scripting\lua-bindings\proj.win32\debug.win32\libluacocos2d\lua_cocos2dx_coco_studio_manual.obj
d:\git\cocosgame\frameworks\cocos2d-x\cocos\scripting\lua-bindings\proj.win32\debug.win32\libluacocos2d\lua_cocos2dx_physics3d_manual.obj
d:\git\cocosgame\frameworks\cocos2d-x\cocos\scripting\lua-bindings\proj.win32\debug.win32\libluacocos2d\lua_cocos2dx_auto.obj
d:\git\cocosgame\frameworks\cocos2d-x\cocos\scripting\lua-bindings\proj.win32\debug.win32\libluacocos2d\lua-cocos-studio-conversions.obj
d:\git\cocosgame\frameworks\cocos2d-x\cocos\scripting\lua-bindings\proj.win32\debug.win32\libluacocos2d\lua_cocos2dx_navmesh_manual.obj
d:\git\cocosgame\frameworks\runtime-src\proj.win32\debug.win32\libluacocos2d.lib
d:\git\cocosgame\frameworks\cocos2d-x\cocos\scripting\lua-bindings\proj.win32\debug.win32\libluacocos2d\libluacocos2d.vcxprojresolveassemblyreference.cache
d:\git\cocosgame\frameworks\cocos2d-x\cocos\scripting\lua-bindings\proj.win32\debug.win32\libluacocos2d\libluacocos2d.tlog\cl.command.1.tlog
d:\git\cocosgame\frameworks\cocos2d-x\cocos\scripting\lua-bindings\proj.win32\debug.win32\libluacocos2d\libluacocos2d.tlog\cl.read.1.tlog
d:\git\cocosgame\frameworks\cocos2d-x\cocos\scripting\lua-bindings\proj.win32\debug.win32\libluacocos2d\libluacocos2d.tlog\cl.write.1.tlog
d:\git\cocosgame\frameworks\cocos2d-x\cocos\scripting\lua-bindings\proj.win32\debug.win32\libluacocos2d\libluacocos2d.tlog\lib-link.read.1.tlog
d:\git\cocosgame\frameworks\cocos2d-x\cocos\scripting\lua-bindings\proj.win32\debug.win32\libluacocos2d\libluacocos2d.tlog\lib-link.write.1.tlog
d:\git\cocosgame\frameworks\cocos2d-x\cocos\scripting\lua-bindings\proj.win32\debug.win32\libluacocos2d\libluacocos2d.tlog\lib.command.1.tlog
